nohup: ignoring input
Some weights of XLMRobertaForSequenceClassification were not initialized from the model checkpoint at /root/app/models/bge-m3 and are newly initialized: ['classifier.dense.bias', 'classifier.dense.weight', 'classifier.out_proj.bias', 'classifier.out_proj.weight']
You should probably TRAIN this model on a down-stream task to be able to use it for predictions and inference.
Using device: cuda
训练集大小: 14799, 测试集大小: 1645
Epoch 1/20
----------
  Batch 20/1850 - Loss: 2.4400
  Batch 40/1850 - Loss: 2.3935
  Batch 60/1850 - Loss: 2.1488
  Batch 80/1850 - Loss: 2.0967
  Batch 100/1850 - Loss: 2.2648
  Batch 120/1850 - Loss: 1.8724
  Batch 140/1850 - Loss: 2.1688
  Batch 160/1850 - Loss: 2.2144
  Batch 180/1850 - Loss: 2.1156
  Batch 200/1850 - Loss: 1.6709
  Batch 220/1850 - Loss: 1.6898
  Batch 240/1850 - Loss: 1.8534
  Batch 260/1850 - Loss: 2.1731
  Batch 280/1850 - Loss: 2.0578
  Batch 300/1850 - Loss: 1.1951
  Batch 320/1850 - Loss: 2.4144
  Batch 340/1850 - Loss: 1.0821
  Batch 360/1850 - Loss: 1.9214
  Batch 380/1850 - Loss: 1.5158
  Batch 400/1850 - Loss: 1.6381
  Batch 420/1850 - Loss: 1.8215
  Batch 440/1850 - Loss: 2.2466
  Batch 460/1850 - Loss: 1.8900
  Batch 480/1850 - Loss: 1.2326
  Batch 500/1850 - Loss: 2.0420
  Batch 520/1850 - Loss: 1.9097
  Batch 540/1850 - Loss: 1.8916
  Batch 560/1850 - Loss: 1.2851
  Batch 580/1850 - Loss: 1.3385
  Batch 600/1850 - Loss: 1.7567
  Batch 620/1850 - Loss: 1.6433
  Batch 640/1850 - Loss: 1.5473
  Batch 660/1850 - Loss: 1.0726
  Batch 680/1850 - Loss: 1.7101
  Batch 700/1850 - Loss: 1.0962
  Batch 720/1850 - Loss: 1.2330
  Batch 740/1850 - Loss: 1.1454
  Batch 760/1850 - Loss: 0.9162
  Batch 780/1850 - Loss: 1.3529
  Batch 800/1850 - Loss: 1.5613
  Batch 820/1850 - Loss: 1.4746
  Batch 840/1850 - Loss: 1.0578
  Batch 860/1850 - Loss: 1.3654
  Batch 880/1850 - Loss: 0.9524
  Batch 900/1850 - Loss: 0.9238
  Batch 920/1850 - Loss: 0.9729
  Batch 940/1850 - Loss: 1.5046
  Batch 960/1850 - Loss: 1.2389
  Batch 980/1850 - Loss: 1.6188
  Batch 1000/1850 - Loss: 1.1632
  Batch 1020/1850 - Loss: 1.5453
  Batch 1040/1850 - Loss: 1.0675
  Batch 1060/1850 - Loss: 1.0919
  Batch 1080/1850 - Loss: 1.5423
  Batch 1100/1850 - Loss: 1.2023
  Batch 1120/1850 - Loss: 1.4848
  Batch 1140/1850 - Loss: 0.8777
  Batch 1160/1850 - Loss: 1.5820
  Batch 1180/1850 - Loss: 1.0236
  Batch 1200/1850 - Loss: 0.8130
  Batch 1220/1850 - Loss: 1.2457
  Batch 1240/1850 - Loss: 0.6381
  Batch 1260/1850 - Loss: 1.5166
  Batch 1280/1850 - Loss: 1.4049
  Batch 1300/1850 - Loss: 1.4469
  Batch 1320/1850 - Loss: 0.4779
  Batch 1340/1850 - Loss: 0.8473
  Batch 1360/1850 - Loss: 1.1464
  Batch 1380/1850 - Loss: 0.8677
  Batch 1400/1850 - Loss: 1.0455
  Batch 1420/1850 - Loss: 1.4788
  Batch 1440/1850 - Loss: 0.6885
  Batch 1460/1850 - Loss: 1.1948
  Batch 1480/1850 - Loss: 0.7341
  Batch 1500/1850 - Loss: 1.2621
  Batch 1520/1850 - Loss: 1.2776
  Batch 1540/1850 - Loss: 0.7222
  Batch 1560/1850 - Loss: 1.3129
  Batch 1580/1850 - Loss: 1.2953
  Batch 1600/1850 - Loss: 1.2145
  Batch 1620/1850 - Loss: 0.9962
  Batch 1640/1850 - Loss: 1.1680
  Batch 1660/1850 - Loss: 1.1063
  Batch 1680/1850 - Loss: 1.1268
  Batch 1700/1850 - Loss: 1.1822
  Batch 1720/1850 - Loss: 0.7612
  Batch 1740/1850 - Loss: 0.9283
  Batch 1760/1850 - Loss: 0.5394
  Batch 1780/1850 - Loss: 0.7477
  Batch 1800/1850 - Loss: 1.6139
  Batch 1820/1850 - Loss: 0.9130
  Batch 1840/1850 - Loss: 1.3692
  Average training loss: 1.4663
  Validation Accuracy: 0.6334
Epoch 2/20
----------
  Batch 20/1850 - Loss: 0.6542
  Batch 40/1850 - Loss: 0.5359
  Batch 60/1850 - Loss: 0.5391
  Batch 80/1850 - Loss: 0.3231
  Batch 100/1850 - Loss: 1.1916
  Batch 120/1850 - Loss: 0.4100
  Batch 140/1850 - Loss: 0.8300
  Batch 160/1850 - Loss: 0.9196
  Batch 180/1850 - Loss: 2.1083
  Batch 200/1850 - Loss: 0.3113
  Batch 220/1850 - Loss: 0.9762
  Batch 240/1850 - Loss: 1.4594
  Batch 260/1850 - Loss: 1.0773
  Batch 280/1850 - Loss: 1.1007
  Batch 300/1850 - Loss: 1.0032
  Batch 320/1850 - Loss: 0.6577
  Batch 340/1850 - Loss: 0.6289
  Batch 360/1850 - Loss: 2.0835
  Batch 380/1850 - Loss: 0.9914
  Batch 400/1850 - Loss: 2.2960
  Batch 420/1850 - Loss: 1.0105
  Batch 440/1850 - Loss: 0.7089
  Batch 460/1850 - Loss: 0.8830
  Batch 480/1850 - Loss: 0.2975
  Batch 500/1850 - Loss: 1.1106
  Batch 520/1850 - Loss: 0.0613
  Batch 540/1850 - Loss: 1.1653
  Batch 560/1850 - Loss: 0.7597
  Batch 580/1850 - Loss: 1.7813
  Batch 600/1850 - Loss: 0.7309
  Batch 620/1850 - Loss: 0.7219
  Batch 640/1850 - Loss: 0.4855
  Batch 660/1850 - Loss: 0.3088
  Batch 680/1850 - Loss: 0.8439
  Batch 700/1850 - Loss: 0.5741
  Batch 720/1850 - Loss: 1.3346
  Batch 740/1850 - Loss: 1.2772
  Batch 760/1850 - Loss: 0.9986
  Batch 780/1850 - Loss: 0.7961
  Batch 800/1850 - Loss: 1.4673
  Batch 820/1850 - Loss: 0.8192
  Batch 840/1850 - Loss: 0.6714
  Batch 860/1850 - Loss: 0.9805
  Batch 880/1850 - Loss: 0.5921
  Batch 900/1850 - Loss: 0.9713
  Batch 920/1850 - Loss: 1.0589
  Batch 940/1850 - Loss: 1.4158
  Batch 960/1850 - Loss: 1.3660
  Batch 980/1850 - Loss: 0.8448
  Batch 1000/1850 - Loss: 1.1248
  Batch 1020/1850 - Loss: 0.7554
  Batch 1040/1850 - Loss: 0.5901
  Batch 1060/1850 - Loss: 0.9233
  Batch 1080/1850 - Loss: 0.9206
  Batch 1100/1850 - Loss: 0.6724
  Batch 1120/1850 - Loss: 0.6215
  Batch 1140/1850 - Loss: 0.7062
  Batch 1160/1850 - Loss: 0.8866
  Batch 1180/1850 - Loss: 1.0709
  Batch 1200/1850 - Loss: 0.8334
  Batch 1220/1850 - Loss: 1.1563
  Batch 1240/1850 - Loss: 0.7257
  Batch 1260/1850 - Loss: 0.9471
  Batch 1280/1850 - Loss: 1.3506
  Batch 1300/1850 - Loss: 1.1942
  Batch 1320/1850 - Loss: 0.7275
  Batch 1340/1850 - Loss: 1.1876
  Batch 1360/1850 - Loss: 1.3907
  Batch 1380/1850 - Loss: 0.9489
  Batch 1400/1850 - Loss: 0.9667
  Batch 1420/1850 - Loss: 1.6257
  Batch 1440/1850 - Loss: 0.6121
  Batch 1460/1850 - Loss: 1.6181
  Batch 1480/1850 - Loss: 1.1690
  Batch 1500/1850 - Loss: 0.2152
  Batch 1520/1850 - Loss: 0.3236
  Batch 1540/1850 - Loss: 0.4800
  Batch 1560/1850 - Loss: 1.1664
  Batch 1580/1850 - Loss: 0.5034
  Batch 1600/1850 - Loss: 0.3760
  Batch 1620/1850 - Loss: 0.5994
  Batch 1640/1850 - Loss: 1.0537
  Batch 1660/1850 - Loss: 1.2421
  Batch 1680/1850 - Loss: 0.6052
  Batch 1700/1850 - Loss: 0.8809
  Batch 1720/1850 - Loss: 0.7548
  Batch 1740/1850 - Loss: 0.7566
  Batch 1760/1850 - Loss: 0.7538
  Batch 1780/1850 - Loss: 1.2321
  Batch 1800/1850 - Loss: 0.8304
  Batch 1820/1850 - Loss: 1.3346
  Batch 1840/1850 - Loss: 0.8214
  Average training loss: 0.8975
  Validation Accuracy: 0.6960
Epoch 3/20
----------
  Batch 20/1850 - Loss: 1.1550
  Batch 40/1850 - Loss: 0.4695
  Batch 60/1850 - Loss: 1.1805
  Batch 80/1850 - Loss: 1.0067
  Batch 100/1850 - Loss: 0.5295
  Batch 120/1850 - Loss: 0.1731
  Batch 140/1850 - Loss: 0.2716
  Batch 160/1850 - Loss: 1.7016
  Batch 180/1850 - Loss: 1.3512
  Batch 200/1850 - Loss: 0.3938
  Batch 220/1850 - Loss: 0.2221
  Batch 240/1850 - Loss: 1.2724
  Batch 260/1850 - Loss: 0.7345
  Batch 280/1850 - Loss: 1.1125
  Batch 300/1850 - Loss: 0.6170
  Batch 320/1850 - Loss: 0.2941
  Batch 340/1850 - Loss: 0.3837
  Batch 360/1850 - Loss: 0.7899
  Batch 380/1850 - Loss: 0.1921
  Batch 400/1850 - Loss: 0.3100
  Batch 420/1850 - Loss: 0.9945
  Batch 440/1850 - Loss: 0.1374
  Batch 460/1850 - Loss: 0.2747
  Batch 480/1850 - Loss: 0.8597
  Batch 500/1850 - Loss: 1.0459
  Batch 520/1850 - Loss: 0.8027
  Batch 540/1850 - Loss: 0.1957
  Batch 560/1850 - Loss: 0.8511
  Batch 580/1850 - Loss: 0.7971
  Batch 600/1850 - Loss: 1.0789
  Batch 620/1850 - Loss: 0.6460
  Batch 640/1850 - Loss: 0.2746
  Batch 660/1850 - Loss: 0.7386
  Batch 680/1850 - Loss: 1.0123
  Batch 700/1850 - Loss: 0.2242
  Batch 720/1850 - Loss: 0.2391
  Batch 740/1850 - Loss: 0.1953
  Batch 760/1850 - Loss: 0.1569
  Batch 780/1850 - Loss: 0.2287
  Batch 800/1850 - Loss: 0.3783
  Batch 820/1850 - Loss: 0.2933
  Batch 840/1850 - Loss: 0.8118
  Batch 860/1850 - Loss: 0.5159
  Batch 880/1850 - Loss: 0.4856
  Batch 900/1850 - Loss: 0.0626
  Batch 920/1850 - Loss: 0.6220
  Batch 940/1850 - Loss: 1.6161
  Batch 960/1850 - Loss: 0.1884
  Batch 980/1850 - Loss: 0.3329
  Batch 1000/1850 - Loss: 0.7767
  Batch 1020/1850 - Loss: 0.5460
  Batch 1040/1850 - Loss: 0.4118
  Batch 1060/1850 - Loss: 0.8071
  Batch 1080/1850 - Loss: 0.1076
  Batch 1100/1850 - Loss: 0.5427
  Batch 1120/1850 - Loss: 0.8171
  Batch 1140/1850 - Loss: 0.2553
  Batch 1160/1850 - Loss: 0.7524
  Batch 1180/1850 - Loss: 0.2707
  Batch 1200/1850 - Loss: 0.2824
  Batch 1220/1850 - Loss: 0.7641
  Batch 1240/1850 - Loss: 1.0582
  Batch 1260/1850 - Loss: 0.6306
  Batch 1280/1850 - Loss: 0.8422
  Batch 1300/1850 - Loss: 0.8384
  Batch 1320/1850 - Loss: 1.5015
  Batch 1340/1850 - Loss: 0.4922
  Batch 1360/1850 - Loss: 0.5124
  Batch 1380/1850 - Loss: 0.9018
  Batch 1400/1850 - Loss: 0.6823
  Batch 1420/1850 - Loss: 0.9379
  Batch 1440/1850 - Loss: 0.6610
  Batch 1460/1850 - Loss: 0.8162
  Batch 1480/1850 - Loss: 0.6353
  Batch 1500/1850 - Loss: 0.2385
  Batch 1520/1850 - Loss: 1.0176
  Batch 1540/1850 - Loss: 0.1619
  Batch 1560/1850 - Loss: 1.1911
  Batch 1580/1850 - Loss: 0.3772
  Batch 1600/1850 - Loss: 0.9353
  Batch 1620/1850 - Loss: 0.6151
  Batch 1640/1850 - Loss: 0.6553
  Batch 1660/1850 - Loss: 0.3939
  Batch 1680/1850 - Loss: 0.9301
  Batch 1700/1850 - Loss: 0.9428
  Batch 1720/1850 - Loss: 0.4800
  Batch 1740/1850 - Loss: 0.8886
  Batch 1760/1850 - Loss: 0.1591
  Batch 1780/1850 - Loss: 0.1546
  Batch 1800/1850 - Loss: 0.8217
  Batch 1820/1850 - Loss: 0.3368
  Batch 1840/1850 - Loss: 1.1835
  Average training loss: 0.6711
  Validation Accuracy: 0.6875
Epoch 4/20
----------
  Batch 20/1850 - Loss: 0.1767
  Batch 40/1850 - Loss: 0.0688
  Batch 60/1850 - Loss: 0.3008
  Batch 80/1850 - Loss: 0.2711
  Batch 100/1850 - Loss: 0.0668
  Batch 120/1850 - Loss: 1.4504
  Batch 140/1850 - Loss: 0.3532
  Batch 160/1850 - Loss: 0.5092
  Batch 180/1850 - Loss: 0.5607
  Batch 200/1850 - Loss: 0.1668
  Batch 220/1850 - Loss: 0.4410
  Batch 240/1850 - Loss: 0.4836
  Batch 260/1850 - Loss: 0.1257
  Batch 280/1850 - Loss: 0.9585
  Batch 300/1850 - Loss: 0.3692
  Batch 320/1850 - Loss: 0.3296
  Batch 340/1850 - Loss: 0.7178
  Batch 360/1850 - Loss: 0.2392
  Batch 380/1850 - Loss: 0.7037
  Batch 400/1850 - Loss: 1.0919
  Batch 420/1850 - Loss: 0.6798
  Batch 440/1850 - Loss: 0.4165
  Batch 460/1850 - Loss: 0.1139
  Batch 480/1850 - Loss: 0.5244
  Batch 500/1850 - Loss: 0.1855
  Batch 520/1850 - Loss: 0.7612
  Batch 540/1850 - Loss: 0.4886
  Batch 560/1850 - Loss: 0.6359
  Batch 580/1850 - Loss: 0.2388
  Batch 600/1850 - Loss: 0.2233
  Batch 620/1850 - Loss: 0.1320
  Batch 640/1850 - Loss: 0.9896
  Batch 660/1850 - Loss: 0.6697
  Batch 680/1850 - Loss: 0.3062
  Batch 700/1850 - Loss: 0.6500
  Batch 720/1850 - Loss: 0.4738
  Batch 740/1850 - Loss: 0.8443
  Batch 760/1850 - Loss: 0.1556
  Batch 780/1850 - Loss: 0.7975
  Batch 800/1850 - Loss: 1.0023
  Batch 820/1850 - Loss: 0.4912
  Batch 840/1850 - Loss: 0.1720
  Batch 860/1850 - Loss: 0.3054
  Batch 880/1850 - Loss: 0.1985
  Batch 900/1850 - Loss: 1.1542
  Batch 920/1850 - Loss: 0.3409
  Batch 940/1850 - Loss: 0.6202
  Batch 960/1850 - Loss: 0.1587
  Batch 980/1850 - Loss: 0.4955
  Batch 1000/1850 - Loss: 0.2113
  Batch 1020/1850 - Loss: 0.0777
  Batch 1040/1850 - Loss: 0.5503
  Batch 1060/1850 - Loss: 0.4430
  Batch 1080/1850 - Loss: 0.8971
  Batch 1100/1850 - Loss: 0.6837
  Batch 1120/1850 - Loss: 0.0533
  Batch 1140/1850 - Loss: 1.2610
  Batch 1160/1850 - Loss: 0.8788
  Batch 1180/1850 - Loss: 0.0617
  Batch 1200/1850 - Loss: 0.5047
  Batch 1220/1850 - Loss: 0.7127
  Batch 1240/1850 - Loss: 0.3551
  Batch 1260/1850 - Loss: 0.3759
  Batch 1280/1850 - Loss: 1.0587
  Batch 1300/1850 - Loss: 0.5720
  Batch 1320/1850 - Loss: 1.0310
  Batch 1340/1850 - Loss: 0.8958
  Batch 1360/1850 - Loss: 0.0159
  Batch 1380/1850 - Loss: 0.2501
  Batch 1400/1850 - Loss: 0.2611
  Batch 1420/1850 - Loss: 0.1037
  Batch 1440/1850 - Loss: 0.1207
  Batch 1460/1850 - Loss: 0.7903
  Batch 1480/1850 - Loss: 0.1452
  Batch 1500/1850 - Loss: 1.0951
  Batch 1520/1850 - Loss: 0.1881
  Batch 1540/1850 - Loss: 1.1776
  Batch 1560/1850 - Loss: 0.4974
  Batch 1580/1850 - Loss: 0.1968
  Batch 1600/1850 - Loss: 0.3795
  Batch 1620/1850 - Loss: 0.0419
  Batch 1640/1850 - Loss: 0.0395
  Batch 1660/1850 - Loss: 0.6444
  Batch 1680/1850 - Loss: 0.5251
  Batch 1700/1850 - Loss: 0.5769
  Batch 1720/1850 - Loss: 0.2815
  Batch 1740/1850 - Loss: 0.4189
  Batch 1760/1850 - Loss: 0.1455
  Batch 1780/1850 - Loss: 0.1252
  Batch 1800/1850 - Loss: 0.4157
  Batch 1820/1850 - Loss: 1.7860
  Batch 1840/1850 - Loss: 0.4221
  Average training loss: 0.5175
  Validation Accuracy: 0.7100
Epoch 5/20
----------
  Batch 20/1850 - Loss: 0.1348
  Batch 40/1850 - Loss: 0.2067
  Batch 60/1850 - Loss: 0.0511
  Batch 80/1850 - Loss: 0.6575
  Batch 100/1850 - Loss: 0.2320
  Batch 120/1850 - Loss: 0.1222
  Batch 140/1850 - Loss: 0.0225
  Batch 160/1850 - Loss: 0.3405
  Batch 180/1850 - Loss: 0.5201
  Batch 200/1850 - Loss: 0.0209
  Batch 220/1850 - Loss: 0.3842
  Batch 240/1850 - Loss: 0.1944
  Batch 260/1850 - Loss: 0.0202
  Batch 280/1850 - Loss: 0.6778
  Batch 300/1850 - Loss: 0.4814
  Batch 320/1850 - Loss: 0.8126
  Batch 340/1850 - Loss: 0.0212
  Batch 360/1850 - Loss: 0.5902
  Batch 380/1850 - Loss: 0.1669
  Batch 400/1850 - Loss: 0.3218
  Batch 420/1850 - Loss: 0.4272
  Batch 440/1850 - Loss: 0.2866
  Batch 460/1850 - Loss: 0.0692
  Batch 480/1850 - Loss: 0.0329
  Batch 500/1850 - Loss: 1.1302
  Batch 520/1850 - Loss: 1.0145
  Batch 540/1850 - Loss: 0.1489
  Batch 560/1850 - Loss: 0.4055
  Batch 580/1850 - Loss: 0.0573
  Batch 600/1850 - Loss: 1.4466
  Batch 620/1850 - Loss: 0.0578
  Batch 640/1850 - Loss: 0.4243
  Batch 660/1850 - Loss: 0.0311
  Batch 680/1850 - Loss: 0.4671
  Batch 700/1850 - Loss: 0.7750
  Batch 720/1850 - Loss: 0.2369
  Batch 740/1850 - Loss: 0.1670
  Batch 760/1850 - Loss: 0.1551
  Batch 780/1850 - Loss: 1.0331
  Batch 800/1850 - Loss: 0.7948
  Batch 820/1850 - Loss: 0.5250
  Batch 840/1850 - Loss: 0.2328
  Batch 860/1850 - Loss: 0.0358
  Batch 880/1850 - Loss: 0.0106
  Batch 900/1850 - Loss: 0.2349
  Batch 920/1850 - Loss: 0.4313
  Batch 940/1850 - Loss: 0.0472
  Batch 960/1850 - Loss: 0.1070
  Batch 980/1850 - Loss: 0.2724
  Batch 1000/1850 - Loss: 0.6457
  Batch 1020/1850 - Loss: 0.1343
  Batch 1040/1850 - Loss: 0.0636
  Batch 1060/1850 - Loss: 0.0273
  Batch 1080/1850 - Loss: 0.8089
  Batch 1100/1850 - Loss: 0.5504
  Batch 1120/1850 - Loss: 0.0029
  Batch 1140/1850 - Loss: 0.0240
  Batch 1160/1850 - Loss: 0.0338
  Batch 1180/1850 - Loss: 0.3920
  Batch 1200/1850 - Loss: 0.1020
  Batch 1220/1850 - Loss: 0.2152
  Batch 1240/1850 - Loss: 0.3378
  Batch 1260/1850 - Loss: 0.2352
  Batch 1280/1850 - Loss: 0.2419
  Batch 1300/1850 - Loss: 1.0158
  Batch 1320/1850 - Loss: 0.3061
  Batch 1340/1850 - Loss: 0.1103
  Batch 1360/1850 - Loss: 0.5159
  Batch 1380/1850 - Loss: 0.0216
  Batch 1400/1850 - Loss: 0.7819
  Batch 1420/1850 - Loss: 0.3937
  Batch 1440/1850 - Loss: 1.0425
  Batch 1460/1850 - Loss: 0.3860
  Batch 1480/1850 - Loss: 0.5174
  Batch 1500/1850 - Loss: 0.5783
  Batch 1520/1850 - Loss: 0.3995
  Batch 1540/1850 - Loss: 0.4671
  Batch 1560/1850 - Loss: 0.7913
  Batch 1580/1850 - Loss: 0.7742
  Batch 1600/1850 - Loss: 1.0203
  Batch 1620/1850 - Loss: 0.2586
  Batch 1640/1850 - Loss: 0.9255
  Batch 1660/1850 - Loss: 0.2998
  Batch 1680/1850 - Loss: 0.0734
  Batch 1700/1850 - Loss: 0.0241
  Batch 1720/1850 - Loss: 0.3362
  Batch 1740/1850 - Loss: 0.4782
  Batch 1760/1850 - Loss: 0.0518
  Batch 1780/1850 - Loss: 0.6357
  Batch 1800/1850 - Loss: 0.3040
  Batch 1820/1850 - Loss: 0.8826
  Batch 1840/1850 - Loss: 0.5557
  Average training loss: 0.4053
  Validation Accuracy: 0.7252
Epoch 6/20
----------
  Batch 20/1850 - Loss: 0.3514
  Batch 40/1850 - Loss: 0.1361
  Batch 60/1850 - Loss: 1.1904
  Batch 80/1850 - Loss: 0.6073
  Batch 100/1850 - Loss: 0.5571
  Batch 120/1850 - Loss: 0.0663
  Batch 140/1850 - Loss: 0.0453
  Batch 160/1850 - Loss: 0.0126
  Batch 180/1850 - Loss: 0.0195
  Batch 200/1850 - Loss: 1.1973
  Batch 220/1850 - Loss: 0.0280
  Batch 240/1850 - Loss: 0.4822
  Batch 260/1850 - Loss: 0.0561
  Batch 280/1850 - Loss: 0.0789
  Batch 300/1850 - Loss: 0.1363
  Batch 320/1850 - Loss: 0.0948
  Batch 340/1850 - Loss: 1.4647
  Batch 360/1850 - Loss: 0.2186
  Batch 380/1850 - Loss: 0.0139
  Batch 400/1850 - Loss: 0.5871
  Batch 420/1850 - Loss: 0.8918
  Batch 440/1850 - Loss: 0.1596
  Batch 460/1850 - Loss: 0.1610
  Batch 480/1850 - Loss: 0.0281
  Batch 500/1850 - Loss: 0.0447
  Batch 520/1850 - Loss: 0.0407
  Batch 540/1850 - Loss: 0.5503
  Batch 560/1850 - Loss: 0.0619
  Batch 580/1850 - Loss: 0.0049
  Batch 600/1850 - Loss: 0.5336
  Batch 620/1850 - Loss: 0.1445
  Batch 640/1850 - Loss: 0.1496
  Batch 660/1850 - Loss: 0.9937
  Batch 680/1850 - Loss: 0.0449
  Batch 700/1850 - Loss: 0.0052
  Batch 720/1850 - Loss: 0.4824
  Batch 740/1850 - Loss: 0.2002
  Batch 760/1850 - Loss: 0.2965
  Batch 780/1850 - Loss: 0.0242
  Batch 800/1850 - Loss: 0.9284
  Batch 820/1850 - Loss: 0.4824
  Batch 840/1850 - Loss: 0.0859
  Batch 860/1850 - Loss: 0.0250
  Batch 880/1850 - Loss: 0.5238
  Batch 900/1850 - Loss: 0.3282
  Batch 920/1850 - Loss: 0.0976
  Batch 940/1850 - Loss: 0.0514
  Batch 960/1850 - Loss: 0.0066
  Batch 980/1850 - Loss: 0.0088
  Batch 1000/1850 - Loss: 0.0499
  Batch 1020/1850 - Loss: 0.0918
  Batch 1040/1850 - Loss: 1.5318
  Batch 1060/1850 - Loss: 0.0312
  Batch 1080/1850 - Loss: 0.1541
  Batch 1100/1850 - Loss: 0.0571
  Batch 1120/1850 - Loss: 0.3696
  Batch 1140/1850 - Loss: 0.2368
  Batch 1160/1850 - Loss: 0.9605
  Batch 1180/1850 - Loss: 0.0005
  Batch 1200/1850 - Loss: 0.1032
  Batch 1220/1850 - Loss: 0.0762
  Batch 1240/1850 - Loss: 0.8609
  Batch 1260/1850 - Loss: 0.1108
  Batch 1280/1850 - Loss: 0.7279
  Batch 1300/1850 - Loss: 0.0387
  Batch 1320/1850 - Loss: 1.0153
  Batch 1340/1850 - Loss: 0.1891
  Batch 1360/1850 - Loss: 1.0796
  Batch 1380/1850 - Loss: 1.7166
  Batch 1400/1850 - Loss: 0.2396
  Batch 1420/1850 - Loss: 0.7780
  Batch 1440/1850 - Loss: 0.8063
  Batch 1460/1850 - Loss: 0.4094
  Batch 1480/1850 - Loss: 0.0033
  Batch 1500/1850 - Loss: 1.3084
  Batch 1520/1850 - Loss: 0.1666
  Batch 1540/1850 - Loss: 0.7072
  Batch 1560/1850 - Loss: 0.4350
  Batch 1580/1850 - Loss: 0.0647
  Batch 1600/1850 - Loss: 0.9205
  Batch 1620/1850 - Loss: 0.6322
  Batch 1640/1850 - Loss: 0.7935
  Batch 1660/1850 - Loss: 0.0081
  Batch 1680/1850 - Loss: 0.0985
  Batch 1700/1850 - Loss: 0.0577
  Batch 1720/1850 - Loss: 0.2582
  Batch 1740/1850 - Loss: 0.0510
  Batch 1760/1850 - Loss: 0.0421
  Batch 1780/1850 - Loss: 0.1386
  Batch 1800/1850 - Loss: 0.7328
  Batch 1820/1850 - Loss: 0.5757
  Batch 1840/1850 - Loss: 0.3758
  Average training loss: 0.3382
  Validation Accuracy: 0.7033
Epoch 7/20
----------
  Batch 20/1850 - Loss: 0.1008
  Batch 40/1850 - Loss: 0.0499
  Batch 60/1850 - Loss: 0.0008
  Batch 80/1850 - Loss: 0.3625
  Batch 100/1850 - Loss: 0.0014
  Batch 120/1850 - Loss: 0.7246
  Batch 140/1850 - Loss: 0.9027
  Batch 160/1850 - Loss: 0.9269
  Batch 180/1850 - Loss: 0.0014
  Batch 200/1850 - Loss: 0.0642
  Batch 220/1850 - Loss: 0.0245
  Batch 240/1850 - Loss: 1.8127
  Batch 260/1850 - Loss: 0.0267
  Batch 280/1850 - Loss: 0.0017
  Batch 300/1850 - Loss: 0.0004
  Batch 320/1850 - Loss: 0.0982
  Batch 340/1850 - Loss: 0.2242
  Batch 360/1850 - Loss: 0.4976
  Batch 380/1850 - Loss: 0.0113
  Batch 400/1850 - Loss: 0.0010
  Batch 420/1850 - Loss: 0.2441
  Batch 440/1850 - Loss: 0.1297
  Batch 460/1850 - Loss: 0.0008
  Batch 480/1850 - Loss: 2.7661
  Batch 500/1850 - Loss: 0.0070
  Batch 520/1850 - Loss: 0.0555
  Batch 540/1850 - Loss: 0.0019
  Batch 560/1850 - Loss: 0.0019
  Batch 580/1850 - Loss: 0.0582
  Batch 600/1850 - Loss: 0.0380
  Batch 620/1850 - Loss: 0.0682
  Batch 640/1850 - Loss: 0.0051
  Batch 660/1850 - Loss: 0.0008
  Batch 680/1850 - Loss: 0.0178
  Batch 700/1850 - Loss: 0.4234
  Batch 720/1850 - Loss: 0.5062
  Batch 740/1850 - Loss: 0.0048
  Batch 760/1850 - Loss: 0.5153
  Batch 780/1850 - Loss: 0.0037
  Batch 800/1850 - Loss: 0.2464
  Batch 820/1850 - Loss: 0.8254
  Batch 840/1850 - Loss: 1.0584
  Batch 860/1850 - Loss: 0.7276
  Batch 880/1850 - Loss: 0.0044
  Batch 900/1850 - Loss: 0.2504
  Batch 920/1850 - Loss: 0.9006
  Batch 940/1850 - Loss: 0.3899
  Batch 960/1850 - Loss: 0.3108
  Batch 980/1850 - Loss: 0.2918
  Batch 1000/1850 - Loss: 0.7027
  Batch 1020/1850 - Loss: 0.0050
  Batch 1040/1850 - Loss: 0.5798
  Batch 1060/1850 - Loss: 0.0379
  Batch 1080/1850 - Loss: 0.1222
  Batch 1100/1850 - Loss: 0.0005
  Batch 1120/1850 - Loss: 0.0043
  Batch 1140/1850 - Loss: 0.5878
  Batch 1160/1850 - Loss: 0.0648
  Batch 1180/1850 - Loss: 0.2755
  Batch 1200/1850 - Loss: 0.0985
  Batch 1220/1850 - Loss: 0.0003
  Batch 1240/1850 - Loss: 1.5662
  Batch 1260/1850 - Loss: 0.0068
  Batch 1280/1850 - Loss: 1.2234
  Batch 1300/1850 - Loss: 0.0033
  Batch 1320/1850 - Loss: 0.0064
  Batch 1340/1850 - Loss: 0.3364
  Batch 1360/1850 - Loss: 0.0019
  Batch 1380/1850 - Loss: 1.5206
  Batch 1400/1850 - Loss: 0.0430
  Batch 1420/1850 - Loss: 0.0147
  Batch 1440/1850 - Loss: 0.6257
  Batch 1460/1850 - Loss: 0.0007
  Batch 1480/1850 - Loss: 0.0008
  Batch 1500/1850 - Loss: 0.3827
  Batch 1520/1850 - Loss: 0.4503
  Batch 1540/1850 - Loss: 0.0274
  Batch 1560/1850 - Loss: 0.0318
  Batch 1580/1850 - Loss: 0.0900
  Batch 1600/1850 - Loss: 0.4527
  Batch 1620/1850 - Loss: 1.0639
  Batch 1640/1850 - Loss: 0.7929
  Batch 1660/1850 - Loss: 0.5420
  Batch 1680/1850 - Loss: 0.3990
  Batch 1700/1850 - Loss: 1.1132
  Batch 1720/1850 - Loss: 0.0135
  Batch 1740/1850 - Loss: 0.7576
  Batch 1760/1850 - Loss: 1.5510
  Batch 1780/1850 - Loss: 1.0935
  Batch 1800/1850 - Loss: 0.0111
  Batch 1820/1850 - Loss: 0.1230
  Batch 1840/1850 - Loss: 0.4288
  Average training loss: 0.3024
  Validation Accuracy: 0.7210
Epoch 8/20
----------
  Batch 20/1850 - Loss: 0.1646
  Batch 40/1850 - Loss: 1.1230
  Batch 60/1850 - Loss: 0.0020
  Batch 80/1850 - Loss: 0.0032
  Batch 100/1850 - Loss: 0.1066
  Batch 120/1850 - Loss: 0.0377
  Batch 140/1850 - Loss: 0.1387
  Batch 160/1850 - Loss: 0.7044
  Batch 180/1850 - Loss: 0.0006
  Batch 200/1850 - Loss: 0.0043
  Batch 220/1850 - Loss: 0.0005
  Batch 240/1850 - Loss: 0.0055
  Batch 260/1850 - Loss: 0.2896
  Batch 280/1850 - Loss: 0.0497
  Batch 300/1850 - Loss: 0.0003
  Batch 320/1850 - Loss: 0.0221
  Batch 340/1850 - Loss: 0.0616
  Batch 360/1850 - Loss: 0.0002
  Batch 380/1850 - Loss: 0.0962
  Batch 400/1850 - Loss: 0.0059
  Batch 420/1850 - Loss: 0.7137
  Batch 440/1850 - Loss: 0.8700
  Batch 460/1850 - Loss: 0.0770
  Batch 480/1850 - Loss: 0.0347
  Batch 500/1850 - Loss: 0.0019
  Batch 520/1850 - Loss: 0.2976
  Batch 540/1850 - Loss: 0.0111
  Batch 560/1850 - Loss: 0.0495
  Batch 580/1850 - Loss: 0.0130
  Batch 600/1850 - Loss: 0.3891
  Batch 620/1850 - Loss: 1.3231
  Batch 640/1850 - Loss: 0.0003
  Batch 660/1850 - Loss: 0.1022
  Batch 680/1850 - Loss: 0.4023
  Batch 700/1850 - Loss: 0.0003
  Batch 720/1850 - Loss: 0.2808
  Batch 740/1850 - Loss: 0.0001
  Batch 760/1850 - Loss: 0.0119
  Batch 780/1850 - Loss: 0.0526
  Batch 800/1850 - Loss: 0.2896
  Batch 820/1850 - Loss: 1.3352
  Batch 840/1850 - Loss: 0.0003
  Batch 860/1850 - Loss: 0.0033
  Batch 880/1850 - Loss: 0.0007
  Batch 900/1850 - Loss: 0.7735
  Batch 920/1850 - Loss: 0.4782
  Batch 940/1850 - Loss: 0.1023
  Batch 960/1850 - Loss: 0.3240
  Batch 980/1850 - Loss: 0.6909
  Batch 1000/1850 - Loss: 0.0317
  Batch 1020/1850 - Loss: 0.0039
  Batch 1040/1850 - Loss: 0.0004
  Batch 1060/1850 - Loss: 2.3772
  Batch 1080/1850 - Loss: 0.0153
  Batch 1100/1850 - Loss: 2.8215
  Batch 1120/1850 - Loss: 0.0404
  Batch 1140/1850 - Loss: 0.1312
  Batch 1160/1850 - Loss: 0.0096
  Batch 1180/1850 - Loss: 0.0006
  Batch 1200/1850 - Loss: 0.0021
  Batch 1220/1850 - Loss: 0.0249
  Batch 1240/1850 - Loss: 0.5279
  Batch 1260/1850 - Loss: 0.7355
  Batch 1280/1850 - Loss: 0.0018
  Batch 1300/1850 - Loss: 0.0399
  Batch 1320/1850 - Loss: 0.0003
  Batch 1340/1850 - Loss: 0.1126
  Batch 1360/1850 - Loss: 0.3586
  Batch 1380/1850 - Loss: 1.0292
  Batch 1400/1850 - Loss: 0.5023
  Batch 1420/1850 - Loss: 0.7295
  Batch 1440/1850 - Loss: 0.0382
  Batch 1460/1850 - Loss: 0.3611
  Batch 1480/1850 - Loss: 0.1653
  Batch 1500/1850 - Loss: 1.3284
  Batch 1520/1850 - Loss: 0.0006
  Batch 1540/1850 - Loss: 0.0003
  Batch 1560/1850 - Loss: 0.3062
  Batch 1580/1850 - Loss: 0.0429
  Batch 1600/1850 - Loss: 0.4112
  Batch 1620/1850 - Loss: 0.8885
  Batch 1640/1850 - Loss: 0.0003
  Batch 1660/1850 - Loss: 0.4608
  Batch 1680/1850 - Loss: 0.0012
  Batch 1700/1850 - Loss: 0.0002
  Batch 1720/1850 - Loss: 0.9596
  Batch 1740/1850 - Loss: 0.0152
  Batch 1760/1850 - Loss: 0.0185
  Batch 1780/1850 - Loss: 0.0004
  Batch 1800/1850 - Loss: 0.8342
  Batch 1820/1850 - Loss: 0.0431
  Batch 1840/1850 - Loss: 0.0077
  Average training loss: 0.2696
  Validation Accuracy: 0.7094
Epoch 9/20
----------
  Batch 20/1850 - Loss: 0.0693
  Batch 40/1850 - Loss: 0.0013
  Batch 60/1850 - Loss: 0.0012
  Batch 80/1850 - Loss: 0.8363
  Batch 100/1850 - Loss: 0.0008
  Batch 120/1850 - Loss: 0.0006
  Batch 140/1850 - Loss: 0.9163
  Batch 160/1850 - Loss: 0.4460
  Batch 180/1850 - Loss: 0.0009
  Batch 200/1850 - Loss: 0.3039
  Batch 220/1850 - Loss: 0.3709
  Batch 240/1850 - Loss: 0.0002
  Batch 260/1850 - Loss: 0.0025
  Batch 280/1850 - Loss: 0.4790
  Batch 300/1850 - Loss: 0.2621
  Batch 320/1850 - Loss: 0.0053
  Batch 340/1850 - Loss: 0.0296
  Batch 360/1850 - Loss: 1.7373
  Batch 380/1850 - Loss: 0.0005
  Batch 400/1850 - Loss: 0.2209
  Batch 420/1850 - Loss: 0.8640
  Batch 440/1850 - Loss: 0.1903
  Batch 460/1850 - Loss: 0.0027
  Batch 480/1850 - Loss: 0.0007
  Batch 500/1850 - Loss: 0.0226
  Batch 520/1850 - Loss: 0.0911
  Batch 540/1850 - Loss: 1.1785
  Batch 560/1850 - Loss: 0.0003
  Batch 580/1850 - Loss: 0.0001
  Batch 600/1850 - Loss: 1.2422
  Batch 620/1850 - Loss: 0.2487
  Batch 640/1850 - Loss: 0.0140
  Batch 660/1850 - Loss: 0.0003
  Batch 680/1850 - Loss: 0.0005
  Batch 700/1850 - Loss: 0.0014
  Batch 720/1850 - Loss: 0.6856
  Batch 740/1850 - Loss: 0.0785
  Batch 760/1850 - Loss: 0.0002
  Batch 780/1850 - Loss: 0.7436
  Batch 800/1850 - Loss: 0.9189
  Batch 820/1850 - Loss: 0.1186
  Batch 840/1850 - Loss: 0.0260
  Batch 860/1850 - Loss: 0.0002
  Batch 880/1850 - Loss: 0.0090
  Batch 900/1850 - Loss: 0.0078
  Batch 920/1850 - Loss: 0.0227
  Batch 940/1850 - Loss: 0.5684
  Batch 960/1850 - Loss: 0.0002
  Batch 980/1850 - Loss: 0.5294
  Batch 1000/1850 - Loss: 0.3436
  Batch 1020/1850 - Loss: 0.0018
  Batch 1040/1850 - Loss: 0.0007
  Batch 1060/1850 - Loss: 0.0208
  Batch 1080/1850 - Loss: 0.0169
  Batch 1100/1850 - Loss: 0.0002
  Batch 1120/1850 - Loss: 0.0025
  Batch 1140/1850 - Loss: 0.0005
  Batch 1160/1850 - Loss: 0.4322
  Batch 1180/1850 - Loss: 0.6497
  Batch 1200/1850 - Loss: 0.0018
  Batch 1220/1850 - Loss: 0.3672
  Batch 1240/1850 - Loss: 0.0397
  Batch 1260/1850 - Loss: 0.0009
  Batch 1280/1850 - Loss: 0.4654
  Batch 1300/1850 - Loss: 0.0295
  Batch 1320/1850 - Loss: 0.0001
  Batch 1340/1850 - Loss: 0.6738
  Batch 1360/1850 - Loss: 0.1053
  Batch 1380/1850 - Loss: 0.4840
  Batch 1400/1850 - Loss: 1.3820
  Batch 1420/1850 - Loss: 0.0032
  Batch 1440/1850 - Loss: 0.4230
  Batch 1460/1850 - Loss: 0.0004
  Batch 1480/1850 - Loss: 0.4612
  Batch 1500/1850 - Loss: 0.0031
  Batch 1520/1850 - Loss: 0.0036
  Batch 1540/1850 - Loss: 0.0024
  Batch 1560/1850 - Loss: 0.0603
  Batch 1580/1850 - Loss: 0.0003
  Batch 1600/1850 - Loss: 0.3019
  Batch 1620/1850 - Loss: 0.8175
  Batch 1640/1850 - Loss: 0.0078
  Batch 1660/1850 - Loss: 0.0002
  Batch 1680/1850 - Loss: 0.6164
  Batch 1700/1850 - Loss: 0.0084
  Batch 1720/1850 - Loss: 0.1207
  Batch 1740/1850 - Loss: 0.0130
  Batch 1760/1850 - Loss: 0.2211
  Batch 1780/1850 - Loss: 0.0034
  Batch 1800/1850 - Loss: 0.0027
  Batch 1820/1850 - Loss: 1.2196
  Batch 1840/1850 - Loss: 0.0009
  Average training loss: 0.2605
  Validation Accuracy: 0.7343
Epoch 10/20
----------
  Batch 20/1850 - Loss: 0.4679
  Batch 40/1850 - Loss: 0.0004
  Batch 60/1850 - Loss: 0.0498
  Batch 80/1850 - Loss: 0.1099
  Batch 100/1850 - Loss: 0.0700
  Batch 120/1850 - Loss: 1.1419
  Batch 140/1850 - Loss: 0.5281
  Batch 160/1850 - Loss: 0.1119
  Batch 180/1850 - Loss: 0.0001
  Batch 200/1850 - Loss: 0.0001
  Batch 220/1850 - Loss: 0.0042
  Batch 240/1850 - Loss: 1.1694
  Batch 260/1850 - Loss: 0.0002
  Batch 280/1850 - Loss: 0.0024
  Batch 300/1850 - Loss: 0.2199
  Batch 320/1850 - Loss: 0.0002
  Batch 340/1850 - Loss: 0.0006
  Batch 360/1850 - Loss: 0.4717
  Batch 380/1850 - Loss: 0.0001
  Batch 400/1850 - Loss: 0.1619
  Batch 420/1850 - Loss: 0.0038
  Batch 440/1850 - Loss: 0.0028
  Batch 460/1850 - Loss: 0.0524
  Batch 480/1850 - Loss: 0.0001
  Batch 500/1850 - Loss: 0.0002
  Batch 520/1850 - Loss: 0.0030
  Batch 540/1850 - Loss: 0.6896
  Batch 560/1850 - Loss: 0.0008
  Batch 580/1850 - Loss: 0.7903
  Batch 600/1850 - Loss: 1.5783
  Batch 620/1850 - Loss: 1.1219
  Batch 640/1850 - Loss: 0.0007
  Batch 660/1850 - Loss: 0.0184
  Batch 680/1850 - Loss: 0.0313
  Batch 700/1850 - Loss: 0.0001
  Batch 720/1850 - Loss: 0.0457
  Batch 740/1850 - Loss: 0.6621
  Batch 760/1850 - Loss: 0.0125
  Batch 780/1850 - Loss: 0.0001
  Batch 800/1850 - Loss: 0.0001
  Batch 820/1850 - Loss: 0.0019
  Batch 840/1850 - Loss: 0.0003
  Batch 860/1850 - Loss: 0.5725
  Batch 880/1850 - Loss: 0.0010
  Batch 900/1850 - Loss: 0.5199
  Batch 920/1850 - Loss: 0.5528
  Batch 940/1850 - Loss: 0.0007
  Batch 960/1850 - Loss: 0.0004
  Batch 980/1850 - Loss: 0.0325
  Batch 1000/1850 - Loss: 0.0018
  Batch 1020/1850 - Loss: 0.1865
  Batch 1040/1850 - Loss: 0.0034
  Batch 1060/1850 - Loss: 0.0008
  Batch 1080/1850 - Loss: 0.0202
  Batch 1100/1850 - Loss: 0.0160
  Batch 1120/1850 - Loss: 1.2524
  Batch 1140/1850 - Loss: 0.5232
  Batch 1160/1850 - Loss: 1.9074
  Batch 1180/1850 - Loss: 0.0008
  Batch 1200/1850 - Loss: 0.1666
  Batch 1220/1850 - Loss: 0.4304
  Batch 1240/1850 - Loss: 0.0014
  Batch 1260/1850 - Loss: 0.0041
  Batch 1280/1850 - Loss: 0.0001
  Batch 1300/1850 - Loss: 0.0027
  Batch 1320/1850 - Loss: 0.0001
  Batch 1340/1850 - Loss: 1.3782
  Batch 1360/1850 - Loss: 0.0042
  Batch 1380/1850 - Loss: 0.0265
  Batch 1400/1850 - Loss: 0.1744
  Batch 1420/1850 - Loss: 0.0001
  Batch 1440/1850 - Loss: 0.4767
  Batch 1460/1850 - Loss: 0.9186
  Batch 1480/1850 - Loss: 1.0279
  Batch 1500/1850 - Loss: 0.5390
  Batch 1520/1850 - Loss: 1.3643
  Batch 1540/1850 - Loss: 0.0005
  Batch 1560/1850 - Loss: 0.0033
  Batch 1580/1850 - Loss: 0.0231
  Batch 1600/1850 - Loss: 0.0033
  Batch 1620/1850 - Loss: 0.0140
  Batch 1640/1850 - Loss: 0.0524
  Batch 1660/1850 - Loss: 0.0008
  Batch 1680/1850 - Loss: 0.7499
  Batch 1700/1850 - Loss: 2.5048
  Batch 1720/1850 - Loss: 0.3949
  Batch 1740/1850 - Loss: 0.0354
  Batch 1760/1850 - Loss: 1.0372
  Batch 1780/1850 - Loss: 0.0009
  Batch 1800/1850 - Loss: 0.0704
  Batch 1820/1850 - Loss: 0.1297
  Batch 1840/1850 - Loss: 0.1126
  Average training loss: 0.2386
  Validation Accuracy: 0.6875
Epoch 11/20
----------
  Batch 20/1850 - Loss: 0.4734
  Batch 40/1850 - Loss: 0.0004
  Batch 60/1850 - Loss: 0.9865
  Batch 80/1850 - Loss: 0.0002
  Batch 100/1850 - Loss: 0.0044
  Batch 120/1850 - Loss: 0.0657
  Batch 140/1850 - Loss: 0.0011
  Batch 160/1850 - Loss: 0.0002
  Batch 180/1850 - Loss: 0.0274
  Batch 200/1850 - Loss: 0.0022
  Batch 220/1850 - Loss: 0.0083
  Batch 240/1850 - Loss: 0.2546
  Batch 260/1850 - Loss: 0.0010
  Batch 280/1850 - Loss: 0.0015
  Batch 300/1850 - Loss: 0.2344
  Batch 320/1850 - Loss: 0.4154
  Batch 340/1850 - Loss: 0.0001
  Batch 360/1850 - Loss: 0.7013
  Batch 380/1850 - Loss: 0.8747
  Batch 400/1850 - Loss: 0.0003
  Batch 420/1850 - Loss: 0.0186
  Batch 440/1850 - Loss: 0.3280
  Batch 460/1850 - Loss: 0.0026
  Batch 480/1850 - Loss: 0.0002
  Batch 500/1850 - Loss: 0.9159
  Batch 520/1850 - Loss: 0.0700
  Batch 540/1850 - Loss: 0.4329
  Batch 560/1850 - Loss: 0.0001
  Batch 580/1850 - Loss: 0.0002
  Batch 600/1850 - Loss: 1.2616
  Batch 620/1850 - Loss: 0.2891
  Batch 640/1850 - Loss: 0.3367
  Batch 660/1850 - Loss: 0.4466
  Batch 680/1850 - Loss: 0.0002
  Batch 700/1850 - Loss: 0.0011
  Batch 720/1850 - Loss: 0.1818
  Batch 740/1850 - Loss: 0.0016
  Batch 760/1850 - Loss: 0.0091
  Batch 780/1850 - Loss: 0.0001
  Batch 800/1850 - Loss: 0.0002
  Batch 820/1850 - Loss: 0.0167
  Batch 840/1850 - Loss: 0.6794
  Batch 860/1850 - Loss: 1.5698
  Batch 880/1850 - Loss: 0.5918
  Batch 900/1850 - Loss: 0.2721
  Batch 920/1850 - Loss: 0.0004
  Batch 940/1850 - Loss: 0.0002
  Batch 960/1850 - Loss: 0.0261
  Batch 980/1850 - Loss: 0.2154
  Batch 1000/1850 - Loss: 0.7470
  Batch 1020/1850 - Loss: 0.1928
  Batch 1040/1850 - Loss: 0.2596
  Batch 1060/1850 - Loss: 0.0709
  Batch 1080/1850 - Loss: 1.5927
  Batch 1100/1850 - Loss: 2.1345
  Batch 1120/1850 - Loss: 0.1254
  Batch 1140/1850 - Loss: 0.9313
  Batch 1160/1850 - Loss: 0.0005
  Batch 1180/1850 - Loss: 0.0696
  Batch 1200/1850 - Loss: 0.0002
  Batch 1220/1850 - Loss: 0.0013
  Batch 1240/1850 - Loss: 0.0003
  Batch 1260/1850 - Loss: 1.4028
  Batch 1280/1850 - Loss: 0.0001
  Batch 1300/1850 - Loss: 0.0018
  Batch 1320/1850 - Loss: 0.0044
  Batch 1340/1850 - Loss: 0.5196
  Batch 1360/1850 - Loss: 0.0003
  Batch 1380/1850 - Loss: 0.0674
  Batch 1400/1850 - Loss: 0.0368
  Batch 1420/1850 - Loss: 0.0276
  Batch 1440/1850 - Loss: 0.0001
  Batch 1460/1850 - Loss: 0.0048
  Batch 1480/1850 - Loss: 0.0001
  Batch 1500/1850 - Loss: 0.0001
  Batch 1520/1850 - Loss: 0.0198
  Batch 1540/1850 - Loss: 0.0036
  Batch 1560/1850 - Loss: 1.0654
  Batch 1580/1850 - Loss: 0.0001
  Batch 1600/1850 - Loss: 0.0001
  Batch 1620/1850 - Loss: 0.0001
  Batch 1640/1850 - Loss: 0.0850
  Batch 1660/1850 - Loss: 1.0477
  Batch 1680/1850 - Loss: 0.0001
  Batch 1700/1850 - Loss: 0.8154
  Batch 1720/1850 - Loss: 0.0007
  Batch 1740/1850 - Loss: 0.1438
  Batch 1760/1850 - Loss: 0.0003
  Batch 1780/1850 - Loss: 0.0011
  Batch 1800/1850 - Loss: 0.0052
  Batch 1820/1850 - Loss: 0.0002
  Batch 1840/1850 - Loss: 0.0009
  Average training loss: 0.2130
  Validation Accuracy: 0.7240
Epoch 12/20
----------
  Batch 20/1850 - Loss: 0.9724
  Batch 40/1850 - Loss: 0.0001
  Batch 60/1850 - Loss: 0.0005
  Batch 80/1850 - Loss: 0.0948
  Batch 100/1850 - Loss: 0.0002
  Batch 120/1850 - Loss: 0.0002
  Batch 140/1850 - Loss: 0.2823
  Batch 160/1850 - Loss: 0.3219
  Batch 180/1850 - Loss: 0.0002
  Batch 200/1850 - Loss: 0.0028
  Batch 220/1850 - Loss: 1.4101
  Batch 240/1850 - Loss: 0.0149
  Batch 260/1850 - Loss: 0.0003
  Batch 280/1850 - Loss: 0.0058
  Batch 300/1850 - Loss: 0.0001
  Batch 320/1850 - Loss: 0.0001
  Batch 340/1850 - Loss: 0.0005
  Batch 360/1850 - Loss: 0.0004
  Batch 380/1850 - Loss: 0.7555
  Batch 400/1850 - Loss: 0.0002
  Batch 420/1850 - Loss: 0.4959
  Batch 440/1850 - Loss: 0.0002
  Batch 460/1850 - Loss: 0.3935
  Batch 480/1850 - Loss: 0.0001
  Batch 500/1850 - Loss: 0.0000
  Batch 520/1850 - Loss: 0.0004
  Batch 540/1850 - Loss: 0.0560
  Batch 560/1850 - Loss: 0.2836
  Batch 580/1850 - Loss: 0.0001
  Batch 600/1850 - Loss: 0.0001
  Batch 620/1850 - Loss: 0.0004
  Batch 640/1850 - Loss: 0.0003
  Batch 660/1850 - Loss: 0.1837
  Batch 680/1850 - Loss: 0.0014
  Batch 700/1850 - Loss: 1.1585
  Batch 720/1850 - Loss: 0.9734
  Batch 740/1850 - Loss: 0.0005
  Batch 760/1850 - Loss: 0.0025
  Batch 780/1850 - Loss: 0.7870
  Batch 800/1850 - Loss: 0.0008
  Batch 820/1850 - Loss: 1.5675
  Batch 840/1850 - Loss: 0.0001
  Batch 860/1850 - Loss: 0.0000
  Batch 880/1850 - Loss: 0.0003
  Batch 900/1850 - Loss: 0.0001
  Batch 920/1850 - Loss: 0.0013
  Batch 940/1850 - Loss: 0.0001
  Batch 960/1850 - Loss: 0.0002
  Batch 980/1850 - Loss: 1.2386
  Batch 1000/1850 - Loss: 1.3611
  Batch 1020/1850 - Loss: 0.9373
  Batch 1040/1850 - Loss: 0.8409
  Batch 1060/1850 - Loss: 0.0082
  Batch 1080/1850 - Loss: 0.6095
  Batch 1100/1850 - Loss: 0.0001
  Batch 1120/1850 - Loss: 0.0016
  Batch 1140/1850 - Loss: 0.0778
  Batch 1160/1850 - Loss: 0.0018
  Batch 1180/1850 - Loss: 0.0003
  Batch 1200/1850 - Loss: 0.0009
  Batch 1220/1850 - Loss: 0.0014
  Batch 1240/1850 - Loss: 0.9857
  Batch 1260/1850 - Loss: 0.0003
  Batch 1280/1850 - Loss: 0.0002
  Batch 1300/1850 - Loss: 0.0117
  Batch 1320/1850 - Loss: 0.0435
  Batch 1340/1850 - Loss: 1.1647
  Batch 1360/1850 - Loss: 0.2517
  Batch 1380/1850 - Loss: 0.0005
  Batch 1400/1850 - Loss: 0.0007
  Batch 1420/1850 - Loss: 0.0055
  Batch 1440/1850 - Loss: 0.0001
  Batch 1460/1850 - Loss: 0.0001
  Batch 1480/1850 - Loss: 0.0020
  Batch 1500/1850 - Loss: 0.0003
  Batch 1520/1850 - Loss: 0.0003
  Batch 1540/1850 - Loss: 0.0001
  Batch 1560/1850 - Loss: 0.0001
  Batch 1580/1850 - Loss: 0.0002
  Batch 1600/1850 - Loss: 0.0001
  Batch 1620/1850 - Loss: 0.9661
  Batch 1640/1850 - Loss: 0.0001
  Batch 1660/1850 - Loss: 0.0003
  Batch 1680/1850 - Loss: 0.0794
  Batch 1700/1850 - Loss: 0.0201
  Batch 1720/1850 - Loss: 0.5831
  Batch 1740/1850 - Loss: 0.6713
  Batch 1760/1850 - Loss: 0.2080
  Batch 1780/1850 - Loss: 0.0002
  Batch 1800/1850 - Loss: 0.3127
  Batch 1820/1850 - Loss: 0.4706
  Batch 1840/1850 - Loss: 0.0186
  Average training loss: 0.2151
  Validation Accuracy: 0.7228
Epoch 13/20
----------
  Batch 20/1850 - Loss: 0.0010
  Batch 40/1850 - Loss: 0.5098
  Batch 60/1850 - Loss: 0.0003
  Batch 80/1850 - Loss: 1.2080
  Batch 100/1850 - Loss: 0.1272
  Batch 120/1850 - Loss: 0.0001
  Batch 140/1850 - Loss: 0.0001
  Batch 160/1850 - Loss: 0.0001
  Batch 180/1850 - Loss: 0.2399
  Batch 200/1850 - Loss: 0.0269
  Batch 220/1850 - Loss: 0.1803
  Batch 240/1850 - Loss: 0.0002
  Batch 260/1850 - Loss: 0.0001
  Batch 280/1850 - Loss: 0.0001
  Batch 300/1850 - Loss: 1.0953
  Batch 320/1850 - Loss: 0.0009
  Batch 340/1850 - Loss: 0.4861
  Batch 360/1850 - Loss: 0.0053
  Batch 380/1850 - Loss: 0.0002
  Batch 400/1850 - Loss: 0.8304
  Batch 420/1850 - Loss: 0.0032
  Batch 440/1850 - Loss: 0.0030
  Batch 460/1850 - Loss: 0.0004
  Batch 480/1850 - Loss: 0.5315
  Batch 500/1850 - Loss: 0.0003
  Batch 520/1850 - Loss: 0.0002
  Batch 540/1850 - Loss: 0.0765
  Batch 560/1850 - Loss: 0.0002
  Batch 580/1850 - Loss: 0.0003
  Batch 600/1850 - Loss: 0.0001
  Batch 620/1850 - Loss: 0.0836
  Batch 640/1850 - Loss: 0.0001
  Batch 660/1850 - Loss: 0.5145
  Batch 680/1850 - Loss: 0.5099
  Batch 700/1850 - Loss: 0.2108
  Batch 720/1850 - Loss: 0.0002
  Batch 740/1850 - Loss: 0.0001
  Batch 760/1850 - Loss: 0.0915
  Batch 780/1850 - Loss: 0.0425
  Batch 800/1850 - Loss: 0.0002
  Batch 820/1850 - Loss: 0.0014
  Batch 840/1850 - Loss: 0.8884
  Batch 860/1850 - Loss: 0.1146
  Batch 880/1850 - Loss: 0.0005
  Batch 900/1850 - Loss: 0.5020
  Batch 920/1850 - Loss: 0.0001
  Batch 940/1850 - Loss: 0.0002
  Batch 960/1850 - Loss: 0.0001
  Batch 980/1850 - Loss: 0.1859
  Batch 1000/1850 - Loss: 0.0009
  Batch 1020/1850 - Loss: 0.0022
  Batch 1040/1850 - Loss: 0.0711
  Batch 1060/1850 - Loss: 0.0001
  Batch 1080/1850 - Loss: 0.5858
  Batch 1100/1850 - Loss: 0.0836
  Batch 1120/1850 - Loss: 0.0243
  Batch 1140/1850 - Loss: 0.0008
  Batch 1160/1850 - Loss: 0.7306
  Batch 1180/1850 - Loss: 0.0005
  Batch 1200/1850 - Loss: 0.4351
  Batch 1220/1850 - Loss: 0.0066
  Batch 1240/1850 - Loss: 1.3637
  Batch 1260/1850 - Loss: 0.0003
  Batch 1280/1850 - Loss: 0.0001
  Batch 1300/1850 - Loss: 0.8746
  Batch 1320/1850 - Loss: 0.0940
  Batch 1340/1850 - Loss: 0.3464
  Batch 1360/1850 - Loss: 0.7130
  Batch 1380/1850 - Loss: 0.0511
  Batch 1400/1850 - Loss: 0.0006
  Batch 1420/1850 - Loss: 0.5861
  Batch 1440/1850 - Loss: 1.0459
  Batch 1460/1850 - Loss: 0.4291
  Batch 1480/1850 - Loss: 0.0001
  Batch 1500/1850 - Loss: 0.8277
  Batch 1520/1850 - Loss: 0.0004
  Batch 1540/1850 - Loss: 0.6488
  Batch 1560/1850 - Loss: 0.0671
  Batch 1580/1850 - Loss: 1.1901
  Batch 1600/1850 - Loss: 0.8852
  Batch 1620/1850 - Loss: 0.0002
  Batch 1640/1850 - Loss: 0.0001
  Batch 1660/1850 - Loss: 0.8864
  Batch 1680/1850 - Loss: 0.0093
  Batch 1700/1850 - Loss: 0.0378
  Batch 1720/1850 - Loss: 0.0000
  Batch 1740/1850 - Loss: 0.0612
  Batch 1760/1850 - Loss: 1.2550
  Batch 1780/1850 - Loss: 0.0088
  Batch 1800/1850 - Loss: 0.0009
  Batch 1820/1850 - Loss: 0.9673
  Batch 1840/1850 - Loss: 0.0001
  Average training loss: 0.2020
  Validation Accuracy: 0.7222
Epoch 14/20
----------
  Batch 20/1850 - Loss: 0.0009
  Batch 40/1850 - Loss: 1.2855
  Batch 60/1850 - Loss: 0.0046
  Batch 80/1850 - Loss: 0.0011
  Batch 100/1850 - Loss: 0.0007
  Batch 120/1850 - Loss: 0.0006
  Batch 140/1850 - Loss: 0.0002
  Batch 160/1850 - Loss: 0.0001
  Batch 180/1850 - Loss: 0.2995
  Batch 200/1850 - Loss: 1.2388
  Batch 220/1850 - Loss: 0.0009
  Batch 240/1850 - Loss: 0.0146
  Batch 260/1850 - Loss: 0.0001
  Batch 280/1850 - Loss: 0.0002
  Batch 300/1850 - Loss: 0.0001
  Batch 320/1850 - Loss: 0.0001
  Batch 340/1850 - Loss: 0.0019
  Batch 360/1850 - Loss: 1.0378
  Batch 380/1850 - Loss: 0.0002
  Batch 400/1850 - Loss: 0.0002
  Batch 420/1850 - Loss: 0.0001
  Batch 440/1850 - Loss: 0.0010
  Batch 460/1850 - Loss: 0.0070
  Batch 480/1850 - Loss: 0.0002
  Batch 500/1850 - Loss: 0.4175
  Batch 520/1850 - Loss: 0.0004
  Batch 540/1850 - Loss: 0.0017
  Batch 560/1850 - Loss: 0.0000
  Batch 580/1850 - Loss: 0.0016
  Batch 600/1850 - Loss: 0.0003
  Batch 620/1850 - Loss: 0.4230
  Batch 640/1850 - Loss: 0.0001
  Batch 660/1850 - Loss: 0.0365
  Batch 680/1850 - Loss: 0.0141
  Batch 700/1850 - Loss: 0.0994
  Batch 720/1850 - Loss: 0.0002
  Batch 740/1850 - Loss: 0.0001
  Batch 760/1850 - Loss: 0.3400
  Batch 780/1850 - Loss: 0.0015
  Batch 800/1850 - Loss: 0.0001
  Batch 820/1850 - Loss: 1.0950
  Batch 840/1850 - Loss: 0.0001
  Batch 860/1850 - Loss: 0.0020
  Batch 880/1850 - Loss: 0.3209
  Batch 900/1850 - Loss: 0.0002
  Batch 920/1850 - Loss: 0.3520
  Batch 940/1850 - Loss: 0.0471
  Batch 960/1850 - Loss: 0.0008
  Batch 980/1850 - Loss: 0.0510
  Batch 1000/1850 - Loss: 0.0039
  Batch 1020/1850 - Loss: 1.1431
  Batch 1040/1850 - Loss: 0.0001
  Batch 1060/1850 - Loss: 0.0159
  Batch 1080/1850 - Loss: 0.0001
  Batch 1100/1850 - Loss: 0.0001
  Batch 1120/1850 - Loss: 0.0003
  Batch 1140/1850 - Loss: 0.0001
  Batch 1160/1850 - Loss: 0.0009
  Batch 1180/1850 - Loss: 0.6390
  Batch 1200/1850 - Loss: 1.0042
  Batch 1220/1850 - Loss: 0.0001
  Batch 1240/1850 - Loss: 0.0754
  Batch 1260/1850 - Loss: 0.0001
  Batch 1280/1850 - Loss: 0.0004
  Batch 1300/1850 - Loss: 0.3629
  Batch 1320/1850 - Loss: 0.0000
  Batch 1340/1850 - Loss: 0.0010
  Batch 1360/1850 - Loss: 0.0025
  Batch 1380/1850 - Loss: 0.0001
  Batch 1400/1850 - Loss: 0.0001
  Batch 1420/1850 - Loss: 0.0001
  Batch 1440/1850 - Loss: 0.9589
  Batch 1460/1850 - Loss: 0.0371
  Batch 1480/1850 - Loss: 0.0013
  Batch 1500/1850 - Loss: 0.1851
  Batch 1520/1850 - Loss: 0.0003
  Batch 1540/1850 - Loss: 0.0005
  Batch 1560/1850 - Loss: 1.6379
  Batch 1580/1850 - Loss: 0.0003
  Batch 1600/1850 - Loss: 0.0055
  Batch 1620/1850 - Loss: 0.2333
  Batch 1640/1850 - Loss: 0.1759
  Batch 1660/1850 - Loss: 0.0002
  Batch 1680/1850 - Loss: 0.0147
  Batch 1700/1850 - Loss: 0.2826
  Batch 1720/1850 - Loss: 0.0129
  Batch 1740/1850 - Loss: 0.0046
  Batch 1760/1850 - Loss: 0.0001
  Batch 1780/1850 - Loss: 0.0003
  Batch 1800/1850 - Loss: 0.0001
  Batch 1820/1850 - Loss: 0.0115
  Batch 1840/1850 - Loss: 0.8695
  Average training loss: 0.1877
  Validation Accuracy: 0.7100
Epoch 15/20
----------
  Batch 20/1850 - Loss: 0.0001
  Batch 40/1850 - Loss: 0.1288
  Batch 60/1850 - Loss: 0.3184
  Batch 80/1850 - Loss: 1.5081
  Batch 100/1850 - Loss: 0.0136
  Batch 120/1850 - Loss: 0.0002
  Batch 140/1850 - Loss: 1.3049
  Batch 160/1850 - Loss: 0.0004
  Batch 180/1850 - Loss: 0.0062
  Batch 200/1850 - Loss: 0.0004
  Batch 220/1850 - Loss: 0.0002
  Batch 240/1850 - Loss: 0.0169
  Batch 260/1850 - Loss: 1.2269
  Batch 280/1850 - Loss: 0.0007
  Batch 300/1850 - Loss: 0.0382
  Batch 320/1850 - Loss: 0.5152
  Batch 340/1850 - Loss: 0.0000
  Batch 360/1850 - Loss: 0.0011
  Batch 380/1850 - Loss: 0.0004
  Batch 400/1850 - Loss: 0.0000
  Batch 420/1850 - Loss: 0.0001
  Batch 440/1850 - Loss: 0.9909
  Batch 460/1850 - Loss: 0.0010
  Batch 480/1850 - Loss: 0.0052
  Batch 500/1850 - Loss: 1.2341
  Batch 520/1850 - Loss: 0.9861
  Batch 540/1850 - Loss: 0.0001
  Batch 560/1850 - Loss: 1.3027
  Batch 580/1850 - Loss: 0.0022
  Batch 600/1850 - Loss: 0.0001
  Batch 620/1850 - Loss: 0.0001
  Batch 640/1850 - Loss: 0.0019
  Batch 660/1850 - Loss: 0.0032
  Batch 680/1850 - Loss: 0.0001
  Batch 700/1850 - Loss: 0.0001
  Batch 720/1850 - Loss: 0.0001
  Batch 740/1850 - Loss: 0.0001
  Batch 760/1850 - Loss: 0.0001
  Batch 780/1850 - Loss: 0.0043
  Batch 800/1850 - Loss: 0.0005
  Batch 820/1850 - Loss: 0.0001
  Batch 840/1850 - Loss: 0.0001
  Batch 860/1850 - Loss: 0.1000
  Batch 880/1850 - Loss: 0.1592
  Batch 900/1850 - Loss: 0.0001
  Batch 920/1850 - Loss: 0.1132
  Batch 940/1850 - Loss: 0.0031
  Batch 960/1850 - Loss: 1.7158
  Batch 980/1850 - Loss: 0.0003
  Batch 1000/1850 - Loss: 0.0010
  Batch 1020/1850 - Loss: 0.0001
  Batch 1040/1850 - Loss: 0.0002
  Batch 1060/1850 - Loss: 0.0001
  Batch 1080/1850 - Loss: 0.1467
  Batch 1100/1850 - Loss: 0.0003
  Batch 1120/1850 - Loss: 0.0001
  Batch 1140/1850 - Loss: 1.2298
  Batch 1160/1850 - Loss: 0.0007
  Batch 1180/1850 - Loss: 0.0001
  Batch 1200/1850 - Loss: 0.0005
  Batch 1220/1850 - Loss: 0.0013
  Batch 1240/1850 - Loss: 0.0002
  Batch 1260/1850 - Loss: 0.5603
  Batch 1280/1850 - Loss: 0.0000
  Batch 1300/1850 - Loss: 0.6830
  Batch 1320/1850 - Loss: 0.0018
  Batch 1340/1850 - Loss: 0.0000
  Batch 1360/1850 - Loss: 0.0147
  Batch 1380/1850 - Loss: 0.0000
  Batch 1400/1850 - Loss: 0.5923
  Batch 1420/1850 - Loss: 0.0053
  Batch 1440/1850 - Loss: 0.0031
  Batch 1460/1850 - Loss: 0.0102
  Batch 1480/1850 - Loss: 0.0004
  Batch 1500/1850 - Loss: 0.0025
  Batch 1520/1850 - Loss: 0.1023
  Batch 1540/1850 - Loss: 0.6729
  Batch 1560/1850 - Loss: 0.0011
  Batch 1580/1850 - Loss: 1.4064
  Batch 1600/1850 - Loss: 0.0000
  Batch 1620/1850 - Loss: 0.1555
  Batch 1640/1850 - Loss: 0.0001
  Batch 1660/1850 - Loss: 0.0001
  Batch 1680/1850 - Loss: 0.0003
  Batch 1700/1850 - Loss: 0.0019
  Batch 1720/1850 - Loss: 0.0003
  Batch 1740/1850 - Loss: 0.0954
  Batch 1760/1850 - Loss: 0.0002
  Batch 1780/1850 - Loss: 0.3167
  Batch 1800/1850 - Loss: 1.4294
  Batch 1820/1850 - Loss: 0.0186
  Batch 1840/1850 - Loss: 0.0002
  Average training loss: 0.1782
  Validation Accuracy: 0.7058
Epoch 16/20
----------
  Batch 20/1850 - Loss: 0.0002
  Batch 40/1850 - Loss: 0.0001
  Batch 60/1850 - Loss: 1.0378
  Batch 80/1850 - Loss: 0.0158
  Batch 100/1850 - Loss: 0.0001
  Batch 120/1850 - Loss: 0.2295
  Batch 140/1850 - Loss: 0.0002
  Batch 160/1850 - Loss: 0.0001
  Batch 180/1850 - Loss: 0.0005
  Batch 200/1850 - Loss: 0.0006
  Batch 220/1850 - Loss: 0.0000
  Batch 240/1850 - Loss: 0.0023
  Batch 260/1850 - Loss: 0.0003
  Batch 280/1850 - Loss: 0.0017
  Batch 300/1850 - Loss: 0.0025
  Batch 320/1850 - Loss: 1.0104
  Batch 340/1850 - Loss: 0.0102
  Batch 360/1850 - Loss: 0.0382
  Batch 380/1850 - Loss: 0.0009
  Batch 400/1850 - Loss: 0.9456
  Batch 420/1850 - Loss: 0.0001
  Batch 440/1850 - Loss: 0.0786
  Batch 460/1850 - Loss: 0.0010
  Batch 480/1850 - Loss: 0.0001
  Batch 500/1850 - Loss: 0.0002
  Batch 520/1850 - Loss: 0.0003
  Batch 540/1850 - Loss: 0.0002
  Batch 560/1850 - Loss: 0.0002
  Batch 580/1850 - Loss: 0.0002
  Batch 600/1850 - Loss: 0.0003
  Batch 620/1850 - Loss: 0.0039
  Batch 640/1850 - Loss: 0.0003
  Batch 660/1850 - Loss: 1.0809
  Batch 680/1850 - Loss: 0.0001
  Batch 700/1850 - Loss: 0.0002
  Batch 720/1850 - Loss: 1.1219
  Batch 740/1850 - Loss: 0.0002
  Batch 760/1850 - Loss: 0.0138
  Batch 780/1850 - Loss: 0.0001
  Batch 800/1850 - Loss: 1.0541
  Batch 820/1850 - Loss: 0.0003
  Batch 840/1850 - Loss: 0.0072
  Batch 860/1850 - Loss: 0.4322
  Batch 880/1850 - Loss: 0.1252
  Batch 900/1850 - Loss: 1.4255
  Batch 920/1850 - Loss: 0.4174
  Batch 940/1850 - Loss: 0.0004
  Batch 960/1850 - Loss: 0.0001
  Batch 980/1850 - Loss: 0.0001
  Batch 1000/1850 - Loss: 0.0006
  Batch 1020/1850 - Loss: 0.8411
  Batch 1040/1850 - Loss: 0.9042
  Batch 1060/1850 - Loss: 0.0008
  Batch 1080/1850 - Loss: 0.0002
  Batch 1100/1850 - Loss: 0.0109
  Batch 1120/1850 - Loss: 0.0001
  Batch 1140/1850 - Loss: 0.0006
  Batch 1160/1850 - Loss: 0.0001
  Batch 1180/1850 - Loss: 0.1529
  Batch 1200/1850 - Loss: 0.0002
  Batch 1220/1850 - Loss: 0.6234
  Batch 1240/1850 - Loss: 0.2412
  Batch 1260/1850 - Loss: 0.0001
  Batch 1280/1850 - Loss: 0.0002
  Batch 1300/1850 - Loss: 0.0844
  Batch 1320/1850 - Loss: 0.0004
  Batch 1340/1850 - Loss: 0.7413
  Batch 1360/1850 - Loss: 0.0311
  Batch 1380/1850 - Loss: 0.0002
  Batch 1400/1850 - Loss: 0.5844
  Batch 1420/1850 - Loss: 0.0003
  Batch 1440/1850 - Loss: 0.0001
  Batch 1460/1850 - Loss: 0.0001
  Batch 1480/1850 - Loss: 0.0359
  Batch 1500/1850 - Loss: 0.0112
  Batch 1520/1850 - Loss: 0.0012
  Batch 1540/1850 - Loss: 1.4063
  Batch 1560/1850 - Loss: 0.0006
  Batch 1580/1850 - Loss: 0.0017
  Batch 1600/1850 - Loss: 0.2559
  Batch 1620/1850 - Loss: 0.0000
  Batch 1640/1850 - Loss: 0.0001
  Batch 1660/1850 - Loss: 0.0010
  Batch 1680/1850 - Loss: 0.6324
  Batch 1700/1850 - Loss: 0.4063
  Batch 1720/1850 - Loss: 0.1104
  Batch 1740/1850 - Loss: 0.0001
  Batch 1760/1850 - Loss: 0.0003
  Batch 1780/1850 - Loss: 0.6495
  Batch 1800/1850 - Loss: 0.0003
  Batch 1820/1850 - Loss: 0.0002
  Batch 1840/1850 - Loss: 0.0003
  Average training loss: 0.1894
  Validation Accuracy: 0.7131
Epoch 17/20
----------
  Batch 20/1850 - Loss: 0.0001
  Batch 40/1850 - Loss: 0.0015
  Batch 60/1850 - Loss: 0.0001
  Batch 80/1850 - Loss: 0.0001
  Batch 100/1850 - Loss: 0.0001
  Batch 120/1850 - Loss: 0.0001
  Batch 140/1850 - Loss: 0.0000
  Batch 160/1850 - Loss: 0.0025
  Batch 180/1850 - Loss: 0.0001
  Batch 200/1850 - Loss: 0.0150
  Batch 220/1850 - Loss: 0.0001
  Batch 240/1850 - Loss: 0.2923
  Batch 260/1850 - Loss: 0.0002
  Batch 280/1850 - Loss: 0.0000
  Batch 300/1850 - Loss: 0.0000
  Batch 320/1850 - Loss: 0.0001
  Batch 340/1850 - Loss: 0.0001
  Batch 360/1850 - Loss: 0.0013
  Batch 380/1850 - Loss: 0.0002
  Batch 400/1850 - Loss: 0.0001
  Batch 420/1850 - Loss: 0.0001
  Batch 440/1850 - Loss: 0.0008
  Batch 460/1850 - Loss: 0.0002
  Batch 480/1850 - Loss: 0.0140
  Batch 500/1850 - Loss: 0.0001
  Batch 520/1850 - Loss: 0.0001
  Batch 540/1850 - Loss: 0.9538
  Batch 560/1850 - Loss: 0.0002
  Batch 580/1850 - Loss: 0.0016
  Batch 600/1850 - Loss: 0.0003
  Batch 620/1850 - Loss: 0.0054
  Batch 640/1850 - Loss: 0.0015
  Batch 660/1850 - Loss: 0.0003
  Batch 680/1850 - Loss: 0.0002
  Batch 700/1850 - Loss: 0.0003
  Batch 720/1850 - Loss: 0.3688
  Batch 740/1850 - Loss: 0.0002
  Batch 760/1850 - Loss: 0.0001
  Batch 780/1850 - Loss: 0.4658
  Batch 800/1850 - Loss: 0.0036
  Batch 820/1850 - Loss: 0.0010
  Batch 840/1850 - Loss: 0.5604
  Batch 860/1850 - Loss: 1.0939
  Batch 880/1850 - Loss: 0.1215
  Batch 900/1850 - Loss: 0.0001
  Batch 920/1850 - Loss: 0.0001
  Batch 940/1850 - Loss: 0.0001
  Batch 960/1850 - Loss: 0.8346
  Batch 980/1850 - Loss: 0.0717
  Batch 1000/1850 - Loss: 0.0001
  Batch 1020/1850 - Loss: 0.0014
  Batch 1040/1850 - Loss: 0.0004
  Batch 1060/1850 - Loss: 1.0716
  Batch 1080/1850 - Loss: 0.7145
  Batch 1100/1850 - Loss: 0.0001
  Batch 1120/1850 - Loss: 0.8209
  Batch 1140/1850 - Loss: 0.0013
  Batch 1160/1850 - Loss: 0.0001
  Batch 1180/1850 - Loss: 0.0001
  Batch 1200/1850 - Loss: 0.0002
  Batch 1220/1850 - Loss: 0.0001
  Batch 1240/1850 - Loss: 0.4293
  Batch 1260/1850 - Loss: 0.0002
  Batch 1280/1850 - Loss: 0.0001
  Batch 1300/1850 - Loss: 0.0008
  Batch 1320/1850 - Loss: 0.2826
  Batch 1340/1850 - Loss: 1.3578
  Batch 1360/1850 - Loss: 0.0149
  Batch 1380/1850 - Loss: 0.0001
  Batch 1400/1850 - Loss: 0.7935
  Batch 1420/1850 - Loss: 0.0001
  Batch 1440/1850 - Loss: 0.0000
  Batch 1460/1850 - Loss: 0.0001
  Batch 1480/1850 - Loss: 0.0001
  Batch 1500/1850 - Loss: 0.0164
  Batch 1520/1850 - Loss: 0.0003
  Batch 1540/1850 - Loss: 0.0051
  Batch 1560/1850 - Loss: 0.0003
  Batch 1580/1850 - Loss: 0.0004
  Batch 1600/1850 - Loss: 0.9047
  Batch 1620/1850 - Loss: 0.0019
  Batch 1640/1850 - Loss: 0.0002
  Batch 1660/1850 - Loss: 0.0001
  Batch 1680/1850 - Loss: 0.1756
  Batch 1700/1850 - Loss: 0.0002
  Batch 1720/1850 - Loss: 0.0009
  Batch 1740/1850 - Loss: 0.0001
  Batch 1760/1850 - Loss: 0.0000
  Batch 1780/1850 - Loss: 0.0001
  Batch 1800/1850 - Loss: 0.0011
  Batch 1820/1850 - Loss: 0.0032
  Batch 1840/1850 - Loss: 0.0199
  Average training loss: 0.1638
  Validation Accuracy: 0.7222
Epoch 18/20
----------
  Batch 20/1850 - Loss: 0.0014
  Batch 40/1850 - Loss: 0.0019
  Batch 60/1850 - Loss: 0.0002
  Batch 80/1850 - Loss: 0.0020
  Batch 100/1850 - Loss: 0.0003
  Batch 120/1850 - Loss: 1.2710
  Batch 140/1850 - Loss: 0.0002
  Batch 160/1850 - Loss: 0.0002
  Batch 180/1850 - Loss: 0.0001
  Batch 200/1850 - Loss: 0.2294
  Batch 220/1850 - Loss: 0.0003
  Batch 240/1850 - Loss: 0.0000
  Batch 260/1850 - Loss: 1.6288
  Batch 280/1850 - Loss: 0.8538
  Batch 300/1850 - Loss: 0.0004
  Batch 320/1850 - Loss: 0.0001
  Batch 340/1850 - Loss: 0.0001
  Batch 360/1850 - Loss: 0.0713
  Batch 380/1850 - Loss: 0.0003
  Batch 400/1850 - Loss: 0.0001
  Batch 420/1850 - Loss: 0.0002
  Batch 440/1850 - Loss: 0.0001
  Batch 460/1850 - Loss: 0.0020
  Batch 480/1850 - Loss: 0.0001
  Batch 500/1850 - Loss: 0.0118
  Batch 520/1850 - Loss: 0.0015
  Batch 540/1850 - Loss: 0.0011
  Batch 560/1850 - Loss: 0.0001
  Batch 580/1850 - Loss: 0.0639
  Batch 600/1850 - Loss: 0.0001
  Batch 620/1850 - Loss: 0.0001
  Batch 640/1850 - Loss: 0.0003
  Batch 660/1850 - Loss: 0.0003
  Batch 680/1850 - Loss: 0.0005
  Batch 700/1850 - Loss: 0.0035
  Batch 720/1850 - Loss: 0.0002
  Batch 740/1850 - Loss: 0.0000
  Batch 760/1850 - Loss: 0.4703
  Batch 780/1850 - Loss: 0.0010
  Batch 800/1850 - Loss: 0.8254
  Batch 820/1850 - Loss: 0.0001
  Batch 840/1850 - Loss: 0.0002
  Batch 860/1850 - Loss: 0.0002
  Batch 880/1850 - Loss: 0.0001
  Batch 900/1850 - Loss: 1.4000
  Batch 920/1850 - Loss: 0.0002
  Batch 940/1850 - Loss: 0.0002
  Batch 960/1850 - Loss: 0.0016
  Batch 980/1850 - Loss: 0.3895
  Batch 1000/1850 - Loss: 0.0401
  Batch 1020/1850 - Loss: 0.0002
  Batch 1040/1850 - Loss: 1.0375
  Batch 1060/1850 - Loss: 0.0002
  Batch 1080/1850 - Loss: 0.0002
  Batch 1100/1850 - Loss: 0.1791
  Batch 1120/1850 - Loss: 0.0002
  Batch 1140/1850 - Loss: 0.0005
  Batch 1160/1850 - Loss: 0.0002
  Batch 1180/1850 - Loss: 0.3966
  Batch 1200/1850 - Loss: 0.6308
  Batch 1220/1850 - Loss: 0.0023
  Batch 1240/1850 - Loss: 0.0002
  Batch 1260/1850 - Loss: 0.0252
  Batch 1280/1850 - Loss: 0.0002
  Batch 1300/1850 - Loss: 0.0001
  Batch 1320/1850 - Loss: 0.0001
  Batch 1340/1850 - Loss: 0.0003
  Batch 1360/1850 - Loss: 0.0001
  Batch 1380/1850 - Loss: 0.0001
  Batch 1400/1850 - Loss: 0.4995
  Batch 1420/1850 - Loss: 0.8867
  Batch 1440/1850 - Loss: 0.0005
  Batch 1460/1850 - Loss: 0.0015
  Batch 1480/1850 - Loss: 0.0001
  Batch 1500/1850 - Loss: 0.7788
  Batch 1520/1850 - Loss: 0.0001
  Batch 1540/1850 - Loss: 0.0007
  Batch 1560/1850 - Loss: 0.0002
  Batch 1580/1850 - Loss: 0.0000
  Batch 1600/1850 - Loss: 0.3955
  Batch 1620/1850 - Loss: 0.0002
  Batch 1640/1850 - Loss: 0.8131
  Batch 1660/1850 - Loss: 0.0001
  Batch 1680/1850 - Loss: 0.1217
  Batch 1700/1850 - Loss: 0.0002
  Batch 1720/1850 - Loss: 0.0001
  Batch 1740/1850 - Loss: 0.0002
  Batch 1760/1850 - Loss: 0.0001
  Batch 1780/1850 - Loss: 0.0004
  Batch 1800/1850 - Loss: 0.0001
  Batch 1820/1850 - Loss: 0.0001
  Batch 1840/1850 - Loss: 0.0002
  Average training loss: 0.1685
  Validation Accuracy: 0.7046
Epoch 19/20
----------
  Batch 20/1850 - Loss: 0.0001
  Batch 40/1850 - Loss: 0.0002
  Batch 60/1850 - Loss: 0.0505
  Batch 80/1850 - Loss: 0.0001
  Batch 100/1850 - Loss: 0.0003
  Batch 120/1850 - Loss: 0.0001
  Batch 140/1850 - Loss: 0.0001
  Batch 160/1850 - Loss: 0.0010
  Batch 180/1850 - Loss: 0.0011
  Batch 200/1850 - Loss: 0.0001
  Batch 220/1850 - Loss: 0.0002
  Batch 240/1850 - Loss: 0.1125
  Batch 260/1850 - Loss: 0.0002
  Batch 280/1850 - Loss: 0.0001
  Batch 300/1850 - Loss: 0.0001
  Batch 320/1850 - Loss: 0.0001
  Batch 340/1850 - Loss: 0.0002
  Batch 360/1850 - Loss: 0.0001
  Batch 380/1850 - Loss: 0.0004
  Batch 400/1850 - Loss: 0.5817
  Batch 420/1850 - Loss: 0.0002
  Batch 440/1850 - Loss: 0.0014
  Batch 460/1850 - Loss: 0.0001
  Batch 480/1850 - Loss: 0.0001
  Batch 500/1850 - Loss: 0.0003
  Batch 520/1850 - Loss: 0.3365
  Batch 540/1850 - Loss: 0.0002
  Batch 560/1850 - Loss: 0.0001
  Batch 580/1850 - Loss: 0.0003
  Batch 600/1850 - Loss: 0.0005
  Batch 620/1850 - Loss: 0.0031
  Batch 640/1850 - Loss: 0.0012
  Batch 660/1850 - Loss: 0.4494
  Batch 680/1850 - Loss: 0.0003
  Batch 700/1850 - Loss: 0.0004
  Batch 720/1850 - Loss: 0.0004
  Batch 740/1850 - Loss: 0.1791
  Batch 760/1850 - Loss: 0.0002
  Batch 780/1850 - Loss: 0.0005
  Batch 800/1850 - Loss: 0.0003
  Batch 820/1850 - Loss: 0.0002
  Batch 840/1850 - Loss: 0.0012
  Batch 860/1850 - Loss: 0.2230
  Batch 880/1850 - Loss: 0.0100
  Batch 900/1850 - Loss: 0.0003
  Batch 920/1850 - Loss: 0.0154
  Batch 940/1850 - Loss: 0.9656
  Batch 960/1850 - Loss: 0.0002
  Batch 980/1850 - Loss: 0.0001
  Batch 1000/1850 - Loss: 0.0002
  Batch 1020/1850 - Loss: 0.0003
  Batch 1040/1850 - Loss: 0.0002
  Batch 1060/1850 - Loss: 0.0007
  Batch 1080/1850 - Loss: 0.0002
  Batch 1100/1850 - Loss: 0.0003
  Batch 1120/1850 - Loss: 0.0085
  Batch 1140/1850 - Loss: 0.0006
  Batch 1160/1850 - Loss: 0.0001
  Batch 1180/1850 - Loss: 0.0002
  Batch 1200/1850 - Loss: 0.0849
  Batch 1220/1850 - Loss: 0.0005
  Batch 1240/1850 - Loss: 0.2499
  Batch 1260/1850 - Loss: 0.0001
  Batch 1280/1850 - Loss: 0.0018
  Batch 1300/1850 - Loss: 0.9304
  Batch 1320/1850 - Loss: 0.0914
  Batch 1340/1850 - Loss: 1.0885
  Batch 1360/1850 - Loss: 0.0003
  Batch 1380/1850 - Loss: 0.8925
  Batch 1400/1850 - Loss: 0.9450
  Batch 1420/1850 - Loss: 0.0001
  Batch 1440/1850 - Loss: 0.0006
  Batch 1460/1850 - Loss: 0.0003
  Batch 1480/1850 - Loss: 0.0003
  Batch 1500/1850 - Loss: 0.0001
  Batch 1520/1850 - Loss: 0.0003
  Batch 1540/1850 - Loss: 0.0001
  Batch 1560/1850 - Loss: 0.0001
  Batch 1580/1850 - Loss: 0.0005
  Batch 1600/1850 - Loss: 0.0002
  Batch 1620/1850 - Loss: 0.0001
  Batch 1640/1850 - Loss: 0.0609
  Batch 1660/1850 - Loss: 0.0002
  Batch 1680/1850 - Loss: 0.0003
  Batch 1700/1850 - Loss: 0.7263
  Batch 1720/1850 - Loss: 0.0001
  Batch 1740/1850 - Loss: 0.0003
  Batch 1760/1850 - Loss: 0.0014
  Batch 1780/1850 - Loss: 0.0831
  Batch 1800/1850 - Loss: 0.9754
  Batch 1820/1850 - Loss: 0.0008
  Batch 1840/1850 - Loss: 0.0024
  Average training loss: 0.1660
  Validation Accuracy: 0.7125
Epoch 20/20
----------
  Batch 20/1850 - Loss: 0.0003
  Batch 40/1850 - Loss: 0.0004
  Batch 60/1850 - Loss: 0.0001
  Batch 80/1850 - Loss: 0.0003
  Batch 100/1850 - Loss: 0.0002
  Batch 120/1850 - Loss: 0.0001
  Batch 140/1850 - Loss: 0.0004
  Batch 160/1850 - Loss: 0.0010
  Batch 180/1850 - Loss: 0.0002
  Batch 200/1850 - Loss: 0.0002
  Batch 220/1850 - Loss: 0.0003
  Batch 240/1850 - Loss: 0.0002
  Batch 260/1850 - Loss: 1.1011
  Batch 280/1850 - Loss: 0.4142
  Batch 300/1850 - Loss: 0.0002
  Batch 320/1850 - Loss: 0.0003
  Batch 340/1850 - Loss: 0.0122
  Batch 360/1850 - Loss: 0.3563
  Batch 380/1850 - Loss: 0.0001
  Batch 400/1850 - Loss: 0.0002
  Batch 420/1850 - Loss: 0.0001
  Batch 440/1850 - Loss: 0.0001
  Batch 460/1850 - Loss: 0.0001
  Batch 480/1850 - Loss: 0.0001
  Batch 500/1850 - Loss: 0.0387
  Batch 520/1850 - Loss: 0.3783
  Batch 540/1850 - Loss: 0.0124
  Batch 560/1850 - Loss: 0.0061
  Batch 580/1850 - Loss: 0.0012
  Batch 600/1850 - Loss: 0.0182
  Batch 620/1850 - Loss: 0.1729
  Batch 640/1850 - Loss: 0.3657
  Batch 660/1850 - Loss: 1.8681
  Batch 680/1850 - Loss: 0.0003
  Batch 700/1850 - Loss: 0.0003
  Batch 720/1850 - Loss: 0.0011
  Batch 740/1850 - Loss: 0.4179
  Batch 760/1850 - Loss: 0.0003
  Batch 780/1850 - Loss: 0.0002
  Batch 800/1850 - Loss: 0.0001
  Batch 820/1850 - Loss: 0.0001
  Batch 840/1850 - Loss: 0.0067
  Batch 860/1850 - Loss: 0.0011
  Batch 880/1850 - Loss: 0.0003
  Batch 900/1850 - Loss: 0.0004
  Batch 920/1850 - Loss: 0.3680
  Batch 940/1850 - Loss: 0.0000
  Batch 960/1850 - Loss: 0.0076
  Batch 980/1850 - Loss: 0.0001
  Batch 1000/1850 - Loss: 0.0405
  Batch 1020/1850 - Loss: 0.6163
  Batch 1040/1850 - Loss: 0.0450
  Batch 1060/1850 - Loss: 0.0003
  Batch 1080/1850 - Loss: 0.0002
  Batch 1100/1850 - Loss: 0.0001
  Batch 1120/1850 - Loss: 0.0001
  Batch 1140/1850 - Loss: 0.0005
  Batch 1160/1850 - Loss: 0.5586
  Batch 1180/1850 - Loss: 0.3974
  Batch 1200/1850 - Loss: 0.0015
  Batch 1220/1850 - Loss: 0.0001
  Batch 1240/1850 - Loss: 0.0001
  Batch 1260/1850 - Loss: 0.0003
  Batch 1280/1850 - Loss: 0.0001
  Batch 1300/1850 - Loss: 0.0000
  Batch 1320/1850 - Loss: 0.2332
  Batch 1340/1850 - Loss: 0.0001
  Batch 1360/1850 - Loss: 0.0103
  Batch 1380/1850 - Loss: 0.0007
  Batch 1400/1850 - Loss: 0.0001
  Batch 1420/1850 - Loss: 0.0001
  Batch 1440/1850 - Loss: 0.0789
  Batch 1460/1850 - Loss: 0.0002
  Batch 1480/1850 - Loss: 0.0004
  Batch 1500/1850 - Loss: 0.0003
  Batch 1520/1850 - Loss: 0.0006
  Batch 1540/1850 - Loss: 0.1662
  Batch 1560/1850 - Loss: 0.0000
  Batch 1580/1850 - Loss: 0.0001
  Batch 1600/1850 - Loss: 0.0012
  Batch 1620/1850 - Loss: 0.8368
  Batch 1640/1850 - Loss: 0.0003
  Batch 1660/1850 - Loss: 0.0002
  Batch 1680/1850 - Loss: 0.0002
  Batch 1700/1850 - Loss: 0.0001
  Batch 1720/1850 - Loss: 0.0004
  Batch 1740/1850 - Loss: 0.0005
  Batch 1760/1850 - Loss: 0.0001
  Batch 1780/1850 - Loss: 0.0009
  Batch 1800/1850 - Loss: 0.0001
  Batch 1820/1850 - Loss: 0.0001
  Batch 1840/1850 - Loss: 0.0003
  Average training loss: 0.1498
  Validation Accuracy: 0.7137
最终测试准确率: 0.7137
Model saved to ./fine_tuned_m3_model
